Vivado Simulator v2022.1
Copyright 1986-1999, 2001-2022 Xilinx, Inc. All Rights Reserved.
Running: C:/Xilinx/Vivado/2022.1/bin/unwrapped/win64.o/xelab.exe --incr --debug typical --relax --mt 2 -L xil_defaultlib -L unisims_ver -L unimacro_ver -L secureip --snapshot PP_CPU_tb_behav xil_defaultlib.PP_CPU_tb xil_defaultlib.glbl -log elaborate.log 
Using 2 slave threads.
Starting static elaboration
Pass Through NonSizing Optimizer
WARNING: [VRFC 10-3091] actual bit length 159 differs from formal bit length 200 for port 'data' [C:/Users/mayamakram/Desktop/Arch_Lab/ProjectM3/PP_CPU.srcs/sources_1/new/PP_CPU.v:47]
WARNING: [VRFC 10-3091] actual bit length 160 differs from formal bit length 200 for port 'Q' [C:/Users/mayamakram/Desktop/Arch_Lab/ProjectM3/PP_CPU.srcs/sources_1/new/PP_CPU.v:49]
WARNING: [VRFC 10-3091] actual bit length 117 differs from formal bit length 200 for port 'data' [C:/Users/mayamakram/Desktop/Arch_Lab/ProjectM3/PP_CPU.srcs/sources_1/new/PP_CPU.v:64]
WARNING: [VRFC 10-3091] actual bit length 117 differs from formal bit length 200 for port 'Q' [C:/Users/mayamakram/Desktop/Arch_Lab/ProjectM3/PP_CPU.srcs/sources_1/new/PP_CPU.v:66]
WARNING: [VRFC 10-3091] actual bit length 73 differs from formal bit length 71 for port 'data' [C:/Users/mayamakram/Desktop/Arch_Lab/ProjectM3/PP_CPU.srcs/sources_1/new/PP_CPU.v:74]
WARNING: [VRFC 10-3091] actual bit length 73 differs from formal bit length 71 for port 'Q' [C:/Users/mayamakram/Desktop/Arch_Lab/ProjectM3/PP_CPU.srcs/sources_1/new/PP_CPU.v:75]
WARNING: [VRFC 10-3091] actual bit length 32 differs from formal bit length 8 for port 'a' [C:/Users/mayamakram/Desktop/Arch_Lab/ProjectM3/PP_CPU.srcs/sources_1/new/PP_CPU.v:116]
WARNING: [VRFC 10-3091] actual bit length 32 differs from formal bit length 5 for port 'a' [C:/Users/mayamakram/Desktop/Arch_Lab/ProjectM3/PP_CPU.srcs/sources_1/new/PP_CPU.v:177]
Completed static elaboration
Starting simulation data flow analysis
Completed simulation data flow analysis
Time Resolution for simulation is 1ps
Compiling module xil_defaultlib.n_bit_reg_load_reset(N=64)
Compiling module xil_defaultlib.n_bit_reg_load_reset(N=200)
Compiling module xil_defaultlib.n_bit_reg_load_reset(N=71)
Compiling module xil_defaultlib.MUXfourXone
Compiling module xil_defaultlib.n_bit_reg_load_reset(N=32)
Compiling module xil_defaultlib.full_adder
Compiling module xil_defaultlib.NbitRCA_default
Compiling module xil_defaultlib.MUX(N=32)
Compiling module xil_defaultlib.CU
Compiling module xil_defaultlib.MUX(N=8)
Compiling module xil_defaultlib.RegFile
Compiling module xil_defaultlib.IMMGen
Compiling module xil_defaultlib.shifter
Compiling module xil_defaultlib.ALU
Compiling module xil_defaultlib.ALU_CU
Compiling module xil_defaultlib.FWD_Unit
Compiling module xil_defaultlib.MUX(N=5)
Compiling module xil_defaultlib.MUX(N=69)
Compiling module xil_defaultlib.DataMem
Compiling module xil_defaultlib.DEC_2x1
Compiling module xil_defaultlib.BRANCH
Compiling module xil_defaultlib.PP_CPU
Compiling module xil_defaultlib.PP_CPU_tb
Compiling module xil_defaultlib.glbl
Built simulation snapshot PP_CPU_tb_behav
