#-----------------------------------------------------------
# Vivado v2022.1 (64-bit)
# SW Build 3526262 on Mon Apr 18 15:48:16 MDT 2022
# IP Build 3524634 on Mon Apr 18 20:55:01 MDT 2022
# Start of session at: Wed Apr 19 11:43:59 2023
# Process ID: 2676
# Current directory: C:/Users/mayamakram/Desktop/Arch_Lab/ProjectM3
# Command line: vivado.exe -gui_launcher_event rodinguilauncherevent6376 C:\Users\mayamakram\Desktop\Arch_Lab\ProjectM3\PP_CPU.xpr
# Log file: C:/Users/mayamakram/Desktop/Arch_Lab/ProjectM3/vivado.log
# Journal file: C:/Users/mayamakram/Desktop/Arch_Lab/ProjectM3\vivado.jou
# Running On: CSE-P07-2168-10, OS: Windows, CPU Frequency: 3600 MHz, CPU Physical cores: 4, Host memory: 34246 MB
#-----------------------------------------------------------
start_gui
open_project C:/Users/mayamakram/Desktop/Arch_Lab/ProjectM3/PP_CPU.xpr
WARNING: [Board 49-26] cannot add Board Part digilentinc.com:genesys2:part0:1.1 available at C:/Xilinx/Vivado/2022.1/data/boards/board_files/genesys2/H/board.xml as part xc7k325tffg900-2 specified in board_part file is either invalid or not available
WARNING: [Board 49-26] cannot add Board Part digilentinc.com:sword:part0:1.0 available at C:/Xilinx/Vivado/2022.1/data/boards/board_files/sword/C.0/board.xml as part xc7k325tffg900-2 specified in board_part file is either invalid or not available
WARNING: [Board 49-26] cannot add Board Part xilinx.com:kc705:part0:1.6 available at C:/Xilinx/Vivado/2022.1/data/xhub/boards/XilinxBoardStore/boards/Xilinx/kc705/1.6/board.xml as part xc7k325tffg900-2 specified in board_part file is either invalid or not available
WARNING: [Board 49-26] cannot add Board Part xilinx.com:kcu105:part0:1.6 available at C:/Xilinx/Vivado/2022.1/data/xhub/boards/XilinxBoardStore/boards/Xilinx/kcu105/1.6/board.xml as part xcku040-ffva1156-2-e specified in board_part file is either invalid or not available
WARNING: [Board 49-26] cannot add Board Part xilinx.com:kcu105:part0:1.7 available at C:/Xilinx/Vivado/2022.1/data/xhub/boards/XilinxBoardStore/boards/Xilinx/kcu105/1.7/board.xml as part xcku040-ffva1156-2-e specified in board_part file is either invalid or not available
WARNING: [Board 49-26] cannot add Board Part xilinx.com:kcu1500:part0:1.2 available at C:/Xilinx/Vivado/2022.1/data/xhub/boards/XilinxBoardStore/boards/Xilinx/kcu1500/1.2/board.xml as part xcku115-flvb2104-2-e specified in board_part file is either invalid or not available
WARNING: [Board 49-26] cannot add Board Part xilinx.com:vc707:part0:1.4 available at C:/Xilinx/Vivado/2022.1/data/xhub/boards/XilinxBoardStore/boards/Xilinx/vc707/1.4/board.xml as part xc7vx485tffg1761-2 specified in board_part file is either invalid or not available
WARNING: [Board 49-26] cannot add Board Part xilinx.com:vc709:part0:1.8 available at C:/Xilinx/Vivado/2022.1/data/xhub/boards/XilinxBoardStore/boards/Xilinx/vc709/1.8/board.xml as part xc7vx690tffg1761-2 specified in board_part file is either invalid or not available
WARNING: [Board 49-26] cannot add Board Part xilinx.com:vck190:part0:2.2 available at C:/Xilinx/Vivado/2022.1/data/xhub/boards/XilinxBoardStore/boards/Xilinx/vck190/production/2.2/board.xml as part xcvc1902-vsva2197-2mp-e-s specified in board_part file is either invalid or not available
WARNING: [Board 49-26] cannot add Board Part xilinx.com:vck190:part0:3.0 available at C:/Xilinx/Vivado/2022.1/data/xhub/boards/XilinxBoardStore/boards/Xilinx/vck190/production/3.0/board.xml as part xcvc1902-vsva2197-2mp-e-s specified in board_part file is either invalid or not available
WARNING: [Board 49-26] cannot add Board Part xilinx.com:vck190_newl:part0:1.0 available at C:/Xilinx/Vivado/2022.1/data/xhub/boards/XilinxBoardStore/boards/Xilinx/vck190_newl/production/1.0/board.xml as part xcvc1902-vsva2197-2mp-e-s specified in board_part file is either invalid or not available
WARNING: [Board 49-26] cannot add Board Part xilinx.com:vcu108:part0:1.6 available at C:/Xilinx/Vivado/2022.1/data/xhub/boards/XilinxBoardStore/boards/Xilinx/vcu108/1.6/board.xml as part xcvu095-ffva2104-2-e specified in board_part file is either invalid or not available
WARNING: [Board 49-26] cannot add Board Part xilinx.com:vcu108:part0:1.7 available at C:/Xilinx/Vivado/2022.1/data/xhub/boards/XilinxBoardStore/boards/Xilinx/vcu108/1.7/board.xml as part xcvu095-ffva2104-2-e specified in board_part file is either invalid or not available
WARNING: [Board 49-26] cannot add Board Part xilinx.com:vcu110:part0:1.4 available at C:/Xilinx/Vivado/2022.1/data/xhub/boards/XilinxBoardStore/boards/Xilinx/vcu110/1.4/board.xml as part xcvu190-flgc2104-2-e specified in board_part file is either invalid or not available
WARNING: [Board 49-26] cannot add Board Part xilinx.com:vcu118:part0:2.0 available at C:/Xilinx/Vivado/2022.1/data/xhub/boards/XilinxBoardStore/boards/Xilinx/vcu118/2.0/board.xml as part xcvu9p-flga2104-2l-e specified in board_part file is either invalid or not available
WARNING: [Board 49-26] cannot add Board Part xilinx.com:vcu118:part0:2.3 available at C:/Xilinx/Vivado/2022.1/data/xhub/boards/XilinxBoardStore/boards/Xilinx/vcu118/2.3/board.xml as part xcvu9p-flga2104-2l-e specified in board_part file is either invalid or not available
WARNING: [Board 49-26] cannot add Board Part xilinx.com:vcu118:part0:2.4 available at C:/Xilinx/Vivado/2022.1/data/xhub/boards/XilinxBoardStore/boards/Xilinx/vcu118/2.4/board.xml as part xcvu9p-flga2104-2l-e specified in board_part file is either invalid or not available
WARNING: [Board 49-26] cannot add Board Part xilinx.com:vcu128:part0:1.0 available at C:/Xilinx/Vivado/2022.1/data/xhub/boards/XilinxBoardStore/boards/Xilinx/vcu128/production/1.0/board.xml as part xcvu37p-fsvh2892-2l-e specified in board_part file is either invalid or not available
WARNING: [Board 49-26] cannot add Board Part xilinx.com:vcu129:part0:1.0 available at C:/Xilinx/Vivado/2022.1/data/xhub/boards/XilinxBoardStore/boards/Xilinx/vcu129/production/1.0/board.xml as part xcvu29p-fsga2577-2l-e specified in board_part file is either invalid or not available
WARNING: [Board 49-26] cannot add Board Part xilinx.com:vcu1525:part0:1.3 available at C:/Xilinx/Vivado/2022.1/data/xhub/boards/XilinxBoardStore/boards/Xilinx/vcu1525/1.3/board.xml as part xcvu9p-fsgd2104-2l-e specified in board_part file is either invalid or not available
WARNING: [Board 49-26] cannot add Board Part xilinx.com:vermeo_t1_mpsoc:part0:1.0 available at C:/Xilinx/Vivado/2022.1/data/xhub/boards/XilinxBoardStore/boards/Xilinx/vermeo_t1_mpsoc/1.0/board.xml as part xczu19eg-ffvd1760-2l-e specified in board_part file is either invalid or not available
WARNING: [Board 49-26] cannot add Board Part xilinx.com:vermeo_t1_rfsoc:part0:1.0 available at C:/Xilinx/Vivado/2022.1/data/xhub/boards/XilinxBoardStore/boards/Xilinx/vermeo_t1_rfsoc/1.0/board.xml as part xczu21dr-ffvd1156-2l-e specified in board_part file is either invalid or not available
WARNING: [Board 49-26] cannot add Board Part xilinx.com:vmk180:part0:2.2 available at C:/Xilinx/Vivado/2022.1/data/xhub/boards/XilinxBoardStore/boards/Xilinx/vmk180/production/2.2/board.xml as part xcvm1802-vsva2197-2mp-e-s specified in board_part file is either invalid or not available
WARNING: [Board 49-26] cannot add Board Part xilinx.com:vmk180:part0:3.0 available at C:/Xilinx/Vivado/2022.1/data/xhub/boards/XilinxBoardStore/boards/Xilinx/vmk180/production/3.0/board.xml as part xcvm1802-vsva2197-2mp-e-s specified in board_part file is either invalid or not available
WARNING: [Board 49-26] cannot add Board Part xilinx.com:vmk180_newl:part0:1.0 available at C:/Xilinx/Vivado/2022.1/data/xhub/boards/XilinxBoardStore/boards/Xilinx/vmk180_newl/production/1.0/board.xml as part xcvm1802-vsva2197-2mp-e-s specified in board_part file is either invalid or not available
WARNING: [Board 49-26] cannot add Board Part xilinx.com:vpk120_es:part0:1.2 available at C:/Xilinx/Vivado/2022.1/data/xhub/boards/XilinxBoardStore/boards/Xilinx/vpk120/es/1.2/board.xml as part xcvp1202-vsva2785-2mp-e-s-es1 specified in board_part file is either invalid or not available
WARNING: [Board 49-26] cannot add Board Part xilinx.com:vpk120_es_revb:part0:1.0 available at C:/Xilinx/Vivado/2022.1/data/xhub/boards/XilinxBoardStore/boards/Xilinx/vpk120_revb/es/1.0/board.xml as part xcvp1202-vsva2785-2mp-e-s-es1 specified in board_part file is either invalid or not available
WARNING: [Board 49-26] cannot add Board Part xilinx.com:zc706:part0:1.4 available at C:/Xilinx/Vivado/2022.1/data/xhub/boards/XilinxBoardStore/boards/Xilinx/zc706/1.4/board.xml as part xc7z045ffg900-2 specified in board_part file is either invalid or not available
WARNING: [Board 49-26] cannot add Board Part xilinx.com:zcu102:part0:3.3 available at C:/Xilinx/Vivado/2022.1/data/xhub/boards/XilinxBoardStore/boards/Xilinx/zcu102/3.3/board.xml as part xczu9eg-ffvb1156-2-e specified in board_part file is either invalid or not available
WARNING: [Board 49-26] cannot add Board Part xilinx.com:zcu102:part0:3.4 available at C:/Xilinx/Vivado/2022.1/data/xhub/boards/XilinxBoardStore/boards/Xilinx/zcu102/3.4/board.xml as part xczu9eg-ffvb1156-2-e specified in board_part file is either invalid or not available
WARNING: [Board 49-26] cannot add Board Part xilinx.com:zcu111:part0:1.2 available at C:/Xilinx/Vivado/2022.1/data/xhub/boards/XilinxBoardStore/boards/Xilinx/zcu111/1.2/board.xml as part xczu28dr-ffvg1517-2-e specified in board_part file is either invalid or not available
WARNING: [Board 49-26] cannot add Board Part xilinx.com:zcu111:part0:1.3 available at C:/Xilinx/Vivado/2022.1/data/xhub/boards/XilinxBoardStore/boards/Xilinx/zcu111/1.3/board.xml as part xczu28dr-ffvg1517-2-e specified in board_part file is either invalid or not available
WARNING: [Board 49-26] cannot add Board Part xilinx.com:zcu111:part0:1.4 available at C:/Xilinx/Vivado/2022.1/data/xhub/boards/XilinxBoardStore/boards/Xilinx/zcu111/1.4/board.xml as part xczu28dr-ffvg1517-2-e specified in board_part file is either invalid or not available
WARNING: [Board 49-26] cannot add Board Part xilinx.com:zcu1275:part0:1.0 available at C:/Xilinx/Vivado/2022.1/data/xhub/boards/XilinxBoardStore/boards/Xilinx/zcu1275/1.0/board.xml as part xczu29dr-ffvf1760-2-e specified in board_part file is either invalid or not available
WARNING: [Board 49-26] cannot add Board Part xilinx.com:zcu1285:part0:1.0 available at C:/Xilinx/Vivado/2022.1/data/xhub/boards/XilinxBoardStore/boards/Xilinx/zcu1285/1.0/board.xml as part xczu39dr-ffvf1760-2-i specified in board_part file is either invalid or not available
WARNING: [Board 49-26] cannot add Board Part xilinx.com:zcu208:part0:2.0 available at C:/Xilinx/Vivado/2022.1/data/xhub/boards/XilinxBoardStore/boards/Xilinx/zcu208/production/2.0/board.xml as part xczu48dr-fsvg1517-2-e specified in board_part file is either invalid or not available
WARNING: [Board 49-26] cannot add Board Part xilinx.com:zcu208ld:part0:2.0 available at C:/Xilinx/Vivado/2022.1/data/xhub/boards/XilinxBoardStore/boards/Xilinx/zcu208ld/production/2.0/board.xml as part xczu58dr-fsvg1517-2-i specified in board_part file is either invalid or not available
WARNING: [Board 49-26] cannot add Board Part xilinx.com:zcu216:part0:2.0 available at C:/Xilinx/Vivado/2022.1/data/xhub/boards/XilinxBoardStore/boards/Xilinx/zcu216/production/2.0/board.xml as part xczu49dr-ffvf1760-2-e specified in board_part file is either invalid or not available
WARNING: [Board 49-26] cannot add Board Part xilinx.com:zcu216ld:part0:2.0 available at C:/Xilinx/Vivado/2022.1/data/xhub/boards/XilinxBoardStore/boards/Xilinx/zcu216ld/production/2.0/board.xml as part xczu59dr-ffvf1760-2-i specified in board_part file is either invalid or not available
WARNING: [Board 49-26] cannot add Board Part xilinx.com:zcu670:part0:2.0 available at C:/Xilinx/Vivado/2022.1/data/xhub/boards/XilinxBoardStore/boards/Xilinx/zcu670/2.0/board.xml as part xczu67dr-fsve1156-2-i specified in board_part file is either invalid or not available
WARNING: [Board 49-26] cannot add Board Part xilinx.com:zcu670ld:part0:1.0 available at C:/Xilinx/Vivado/2022.1/data/xhub/boards/XilinxBoardStore/boards/Xilinx/zcu670ld/1.0/board.xml as part xczu57dr-fsve1156-2-i specified in board_part file is either invalid or not available
INFO: [filemgmt 56-3] Default IP Output Path : Could not find the directory 'C:/Users/mayamakram/Desktop/Arch_Lab/ProjectM3/PP_CPU.gen/sources_1'.
Scanning sources...
Finished scanning sources
INFO: [IP_Flow 19-234] Refreshing IP repositories
INFO: [IP_Flow 19-1704] No user IP repositories specified
INFO: [IP_Flow 19-2313] Loaded Vivado IP repository 'C:/Xilinx/Vivado/2022.1/data/ip'.
open_project: Time (s): cpu = 00:00:26 ; elapsed = 00:00:11 . Memory (MB): peak = 1222.203 ; gain = 0.000
update_compile_order -fileset sources_1
launch_simulation
Command: launch_simulation 
INFO: [Vivado 12-12493] Simulation top is 'PP_CPU_tb'
WARNING: [Vivado 12-13340] Unable to auto find GCC executables from simulator install path! (path not set)
WARNING: [Vivado 12-13277] Compiled library path does not exist: ''
INFO: [Vivado 12-5682] Launching behavioral simulation in 'C:/Users/mayamakram/Desktop/Arch_Lab/ProjectM3/PP_CPU.sim/sim_1/behav/xsim'
INFO: [SIM-utils-51] Simulation object is 'sim_1'
INFO: [SIM-utils-72] Using boost library from 'C:/Xilinx/Vivado/2022.1/tps/boost_1_72_0'
INFO: [SIM-utils-54] Inspecting design source files for 'PP_CPU_tb' in fileset 'sim_1'...
INFO: [USF-XSim-97] Finding global include files...
INFO: [USF-XSim-98] Fetching design files from 'sim_1'...
INFO: [USF-XSim-2] XSim::Compile design
INFO: [USF-XSim-61] Executing 'COMPILE and ANALYZE' step in 'C:/Users/mayamakram/Desktop/Arch_Lab/ProjectM3/PP_CPU.sim/sim_1/behav/xsim'
"xvlog --incr --relax -prj PP_CPU_tb_vlog.prj"
INFO: [VRFC 10-2263] Analyzing Verilog file "C:/Users/mayamakram/Desktop/Arch_Lab/ProjectM3/PP_CPU.srcs/sources_1/new/defines.v" into library xil_defaultlib
INFO: [VRFC 10-2263] Analyzing Verilog file "C:/Users/mayamakram/Desktop/Arch_Lab/ProjectM3/PP_CPU.srcs/sources_1/new/imports/src/ALU.v" into library xil_defaultlib
INFO: [VRFC 10-311] analyzing module ALU
INFO: [VRFC 10-2263] Analyzing Verilog file "C:/Users/mayamakram/Desktop/Arch_Lab/ProjectM3/PP_CPU.srcs/sources_1/new/imports/src/ALU_CU.v" into library xil_defaultlib
INFO: [VRFC 10-311] analyzing module ALU_CU
INFO: [VRFC 10-2263] Analyzing Verilog file "C:/Users/mayamakram/Desktop/Arch_Lab/ProjectM2/SC_CPU.srcs/sources_1/new/BRANCH.v" into library xil_defaultlib
INFO: [VRFC 10-311] analyzing module BRANCH
INFO: [VRFC 10-2263] Analyzing Verilog file "C:/Users/mayamakram/Desktop/Arch_Lab/ProjectM3/PP_CPU.srcs/sources_1/new/imports/src/CU.v" into library xil_defaultlib
INFO: [VRFC 10-311] analyzing module CU
INFO: [VRFC 10-2263] Analyzing Verilog file "C:/Users/mayamakram/Desktop/Arch_Lab/ProjectM3/PP_CPU.srcs/sources_1/new/imports/src/DataMem.v" into library xil_defaultlib
INFO: [VRFC 10-311] analyzing module DataMem
INFO: [VRFC 10-2263] Analyzing Verilog file "C:/Users/mayamakram/Desktop/Arch_Lab/ProjectM3/PP_CPU.srcs/sources_1/new/imports/src/IMMGen.v" into library xil_defaultlib
INFO: [VRFC 10-311] analyzing module IMMGen
INFO: [VRFC 10-2263] Analyzing Verilog file "C:/Users/mayamakram/Desktop/Arch_Lab/ProjectM3/PP_CPU.srcs/sources_1/new/imports/src/InstMem.v" into library xil_defaultlib
INFO: [VRFC 10-311] analyzing module InstMem
INFO: [VRFC 10-2263] Analyzing Verilog file "C:/Users/mayamakram/Desktop/Arch_Lab/ProjectM3/PP_CPU.srcs/sources_1/new/imports/src/MUX.v" into library xil_defaultlib
INFO: [VRFC 10-311] analyzing module MUX
INFO: [VRFC 10-2263] Analyzing Verilog file "C:/Users/mayamakram/Desktop/Arch_Lab/ProjectM2/SC_CPU.srcs/sources_1/new/MUX_fourXone.v" into library xil_defaultlib
INFO: [VRFC 10-311] analyzing module MUXfourXone
INFO: [VRFC 10-2263] Analyzing Verilog file "C:/Users/mayamakram/Desktop/Arch_Lab/ProjectM3/PP_CPU.srcs/sources_1/new/imports/src/N-bitRCA.v" into library xil_defaultlib
INFO: [VRFC 10-311] analyzing module NbitRCA
INFO: [VRFC 10-2263] Analyzing Verilog file "C:/Users/mayamakram/Desktop/Arch_Lab/ProjectM3/PP_CPU.srcs/sources_1/new/PP_CPU.v" into library xil_defaultlib
INFO: [VRFC 10-311] analyzing module PP_CPU
WARNING: [VRFC 10-2938] 'PC' is already implicitly declared on line 34 [C:/Users/mayamakram/Desktop/Arch_Lab/ProjectM3/PP_CPU.srcs/sources_1/new/PP_CPU.v:81]
WARNING: [VRFC 10-2938] 'inst_word' is already implicitly declared on line 34 [C:/Users/mayamakram/Desktop/Arch_Lab/ProjectM3/PP_CPU.srcs/sources_1/new/PP_CPU.v:83]
WARNING: [VRFC 10-2938] 'PC_plus_4' is already implicitly declared on line 86 [C:/Users/mayamakram/Desktop/Arch_Lab/ProjectM3/PP_CPU.srcs/sources_1/new/PP_CPU.v:98]
WARNING: [VRFC 10-2938] 'nextPC' is already implicitly declared on line 86 [C:/Users/mayamakram/Desktop/Arch_Lab/ProjectM3/PP_CPU.srcs/sources_1/new/PP_CPU.v:99]
WARNING: [VRFC 10-2938] 'dataRead1' is already implicitly declared on line 48 [C:/Users/mayamakram/Desktop/Arch_Lab/ProjectM3/PP_CPU.srcs/sources_1/new/PP_CPU.v:119]
WARNING: [VRFC 10-2938] 'dataRead2' is already implicitly declared on line 48 [C:/Users/mayamakram/Desktop/Arch_Lab/ProjectM3/PP_CPU.srcs/sources_1/new/PP_CPU.v:120]
WARNING: [VRFC 10-2938] 'imm' is already implicitly declared on line 48 [C:/Users/mayamakram/Desktop/Arch_Lab/ProjectM3/PP_CPU.srcs/sources_1/new/PP_CPU.v:127]
WARNING: [VRFC 10-2938] 'target_add' is already implicitly declared on line 64 [C:/Users/mayamakram/Desktop/Arch_Lab/ProjectM3/PP_CPU.srcs/sources_1/new/PP_CPU.v:133]
WARNING: [VRFC 10-2938] 'cf' is already implicitly declared on line 64 [C:/Users/mayamakram/Desktop/Arch_Lab/ProjectM3/PP_CPU.srcs/sources_1/new/PP_CPU.v:143]
WARNING: [VRFC 10-2938] 'ALU_out' is already implicitly declared on line 65 [C:/Users/mayamakram/Desktop/Arch_Lab/ProjectM3/PP_CPU.srcs/sources_1/new/PP_CPU.v:145]
WARNING: [VRFC 10-2938] 'ALUsel' is already implicitly declared on line 147 [C:/Users/mayamakram/Desktop/Arch_Lab/ProjectM3/PP_CPU.srcs/sources_1/new/PP_CPU.v:151]
WARNING: [VRFC 10-2938] 'MemDataRead' is already implicitly declared on line 74 [C:/Users/mayamakram/Desktop/Arch_Lab/ProjectM3/PP_CPU.srcs/sources_1/new/PP_CPU.v:165]
WARNING: [VRFC 10-2938] 'And_out' is already implicitly declared on line 86 [C:/Users/mayamakram/Desktop/Arch_Lab/ProjectM3/PP_CPU.srcs/sources_1/new/PP_CPU.v:178]
INFO: [VRFC 10-2263] Analyzing Verilog file "C:/Users/mayamakram/Desktop/Arch_Lab/ProjectM3/PP_CPU.srcs/sources_1/new/imports/src/RegFile.v" into library xil_defaultlib
INFO: [VRFC 10-311] analyzing module RegFile
INFO: [VRFC 10-2263] Analyzing Verilog file "C:/Users/mayamakram/Desktop/Arch_Lab/ProjectM3/PP_CPU.srcs/sources_1/new/imports/src/full_adder.v" into library xil_defaultlib
INFO: [VRFC 10-311] analyzing module full_adder
INFO: [VRFC 10-2263] Analyzing Verilog file "C:/Users/mayamakram/Desktop/Arch_Lab/ProjectM3/PP_CPU.srcs/sources_1/new/imports/src/n_bit_reg_load_reset.v" into library xil_defaultlib
INFO: [VRFC 10-311] analyzing module n_bit_reg_load_reset
INFO: [VRFC 10-2263] Analyzing Verilog file "C:/Users/mayamakram/Desktop/Arch_Lab/ProjectM3/PP_CPU.srcs/sources_1/new/imports/src/shifter.v" into library xil_defaultlib
INFO: [VRFC 10-311] analyzing module shifter
INFO: [VRFC 10-2263] Analyzing Verilog file "C:/Users/mayamakram/Desktop/Arch_Lab/ProjectM3/PP_CPU.srcs/sim_1/new/PP_CPU_tb.v" into library xil_defaultlib
INFO: [VRFC 10-311] analyzing module PP_CPU_tb
INFO: [USF-XSim-69] 'compile' step finished in '3' seconds
INFO: [USF-XSim-3] XSim::Elaborate design
INFO: [USF-XSim-61] Executing 'ELABORATE' step in 'C:/Users/mayamakram/Desktop/Arch_Lab/ProjectM3/PP_CPU.sim/sim_1/behav/xsim'
"xelab --incr --debug typical --relax --mt 2 -L xil_defaultlib -L unisims_ver -L unimacro_ver -L secureip --snapshot PP_CPU_tb_behav xil_defaultlib.PP_CPU_tb xil_defaultlib.glbl -log elaborate.log"
Vivado Simulator v2022.1
Copyright 1986-1999, 2001-2022 Xilinx, Inc. All Rights Reserved.
Running: C:/Xilinx/Vivado/2022.1/bin/unwrapped/win64.o/xelab.exe --incr --debug typical --relax --mt 2 -L xil_defaultlib -L unisims_ver -L unimacro_ver -L secureip --snapshot PP_CPU_tb_behav xil_defaultlib.PP_CPU_tb xil_defaultlib.glbl -log elaborate.log 
Using 2 slave threads.
Starting static elaboration
Pass Through NonSizing Optimizer
WARNING: [VRFC 10-3091] actual bit length 159 differs from formal bit length 200 for port 'data' [C:/Users/mayamakram/Desktop/Arch_Lab/ProjectM3/PP_CPU.srcs/sources_1/new/PP_CPU.v:48]
WARNING: [VRFC 10-3091] actual bit length 160 differs from formal bit length 200 for port 'Q' [C:/Users/mayamakram/Desktop/Arch_Lab/ProjectM3/PP_CPU.srcs/sources_1/new/PP_CPU.v:50]
WARNING: [VRFC 10-3091] actual bit length 117 differs from formal bit length 200 for port 'data' [C:/Users/mayamakram/Desktop/Arch_Lab/ProjectM3/PP_CPU.srcs/sources_1/new/PP_CPU.v:64]
WARNING: [VRFC 10-3091] actual bit length 117 differs from formal bit length 200 for port 'Q' [C:/Users/mayamakram/Desktop/Arch_Lab/ProjectM3/PP_CPU.srcs/sources_1/new/PP_CPU.v:66]
WARNING: [VRFC 10-3091] actual bit length 73 differs from formal bit length 71 for port 'data' [C:/Users/mayamakram/Desktop/Arch_Lab/ProjectM3/PP_CPU.srcs/sources_1/new/PP_CPU.v:74]
WARNING: [VRFC 10-3091] actual bit length 73 differs from formal bit length 71 for port 'Q' [C:/Users/mayamakram/Desktop/Arch_Lab/ProjectM3/PP_CPU.srcs/sources_1/new/PP_CPU.v:75]
WARNING: [VRFC 10-3705] select index 30 into 'ID_EX_Func' is out of bounds [C:/Users/mayamakram/Desktop/Arch_Lab/ProjectM3/PP_CPU.srcs/sources_1/new/PP_CPU.v:152]
Completed static elaboration
Starting simulation data flow analysis
Completed simulation data flow analysis
Time Resolution for simulation is 1ps
Compiling module xil_defaultlib.n_bit_reg_load_reset(N=64)
Compiling module xil_defaultlib.n_bit_reg_load_reset(N=200)
Compiling module xil_defaultlib.n_bit_reg_load_reset(N=71)
Compiling module xil_defaultlib.MUXfourXone
Compiling module xil_defaultlib.n_bit_reg_load_reset(N=32)
Compiling module xil_defaultlib.InstMem
Compiling module xil_defaultlib.full_adder
Compiling module xil_defaultlib.NbitRCA_default
Compiling module xil_defaultlib.CU
Compiling module xil_defaultlib.RegFile
Compiling module xil_defaultlib.IMMGen
Compiling module xil_defaultlib.MUX(N=32)
Compiling module xil_defaultlib.shifter
Compiling module xil_defaultlib.ALU
Compiling module xil_defaultlib.ALU_CU
Compiling module xil_defaultlib.DataMem
Compiling module xil_defaultlib.BRANCH
Compiling module xil_defaultlib.PP_CPU
Compiling module xil_defaultlib.PP_CPU_tb
Compiling module xil_defaultlib.glbl
Built simulation snapshot PP_CPU_tb_behav
INFO: [USF-XSim-69] 'elaborate' step finished in '3' seconds
INFO: [USF-XSim-4] XSim::Simulate design
INFO: [USF-XSim-61] Executing 'SIMULATE' step in 'C:/Users/mayamakram/Desktop/Arch_Lab/ProjectM3/PP_CPU.sim/sim_1/behav/xsim'
INFO: [USF-XSim-98] *** Running xsim
   with args "PP_CPU_tb_behav -key {Behavioral:sim_1:Functional:PP_CPU_tb} -tclbatch {PP_CPU_tb.tcl} -view {C:/Users/mayamakram/Desktop/Arch_Lab/ProjectM3/PP_CPU_tb_behav.wcfg} -log {simulate.log}"
INFO: [USF-XSim-8] Loading simulator feature
Time resolution is 1 ps
open_wave_config C:/Users/mayamakram/Desktop/Arch_Lab/ProjectM3/PP_CPU_tb_behav.wcfg
source PP_CPU_tb.tcl
# set curr_wave [current_wave_config]
# if { [string length $curr_wave] == 0 } {
#   if { [llength [get_objects]] > 0} {
#     add_wave /
#     set_property needs_save false [current_wave_config]
#   } else {
#      send_msg_id Add_Wave-1 WARNING "No top level signals found. Simulator will start without a wave window. If you want to open a wave window go to 'File->New Waveform Configuration' or type 'create_wave_config' in the TCL console."
#   }
# }
# run 1800ns
Memory 00000000010100000000000010010011
Memory 00000000101000000000000100010011
Memory 00000000000000000000000000110011
Memory 00000000000000000000000000110011
Memory 00000000000000000000000000110011
Memory 00000000000000000000000000110011
Memory 00000000001000001000000110110011
Memory 01000000001000001000001000110011
Memory 00000000001000001111001010110011
Memory 00000000001000001110001100110011
Memory 00000000001000001100001110110011
Memory 00000000001000001010010000110011
Memory 00000000001000000000010010010011
Memory 00000000001100001000010100010011
Memory 00000000011100001111010110010011
Memory 00000000110000001110011000010011
Memory 00000000000100001100011010010011
Memory 00000000010000001010011100010011
Memory 00000001010000000000011110010011
Memory 00000000111100010010000000100011
Memory 00000000000000010010100000000011
Memory xxxxxxxxxxxxxxxxxxxxxxxxxxxxxxxx
Memory xxxxxxxxxxxxxxxxxxxxxxxxxxxxxxxx
Memory xxxxxxxxxxxxxxxxxxxxxxxxxxxxxxxx
Memory xxxxxxxxxxxxxxxxxxxxxxxxxxxxxxxx
Memory xxxxxxxxxxxxxxxxxxxxxxxxxxxxxxxx
Memory xxxxxxxxxxxxxxxxxxxxxxxxxxxxxxxx
Memory xxxxxxxxxxxxxxxxxxxxxxxxxxxxxxxx
Memory xxxxxxxxxxxxxxxxxxxxxxxxxxxxxxxx
Memory xxxxxxxxxxxxxxxxxxxxxxxxxxxxxxxx
INFO: [USF-XSim-96] XSim completed. Design snapshot 'PP_CPU_tb_behav' loaded.
INFO: [USF-XSim-97] XSim simulation ran for 1800ns
launch_simulation: Time (s): cpu = 00:00:10 ; elapsed = 00:00:10 . Memory (MB): peak = 1222.203 ; gain = 0.000
relaunch_sim
Command: launch_simulation -step compile -simset sim_1 -mode behavioral
INFO: [Vivado 12-12493] Simulation top is 'PP_CPU_tb'
WARNING: [Vivado 12-13340] Unable to auto find GCC executables from simulator install path! (path not set)
WARNING: [Vivado 12-13277] Compiled library path does not exist: ''
INFO: [Vivado 12-5682] Launching behavioral simulation in 'C:/Users/mayamakram/Desktop/Arch_Lab/ProjectM3/PP_CPU.sim/sim_1/behav/xsim'
INFO: [SIM-utils-51] Simulation object is 'sim_1'
INFO: [SIM-utils-72] Using boost library from 'C:/Xilinx/Vivado/2022.1/tps/boost_1_72_0'
INFO: [SIM-utils-54] Inspecting design source files for 'PP_CPU_tb' in fileset 'sim_1'...
INFO: [USF-XSim-97] Finding global include files...
INFO: [USF-XSim-98] Fetching design files from 'sim_1'...
INFO: [USF-XSim-2] XSim::Compile design
INFO: [USF-XSim-61] Executing 'COMPILE and ANALYZE' step in 'C:/Users/mayamakram/Desktop/Arch_Lab/ProjectM3/PP_CPU.sim/sim_1/behav/xsim'
"xvlog --incr --relax -prj PP_CPU_tb_vlog.prj"
INFO: [VRFC 10-2263] Analyzing Verilog file "C:/Users/mayamakram/Desktop/Arch_Lab/ProjectM3/PP_CPU.srcs/sources_1/new/defines.v" into library xil_defaultlib
INFO: [VRFC 10-2263] Analyzing Verilog file "C:/Users/mayamakram/Desktop/Arch_Lab/ProjectM3/PP_CPU.srcs/sources_1/new/imports/src/ALU.v" into library xil_defaultlib
INFO: [VRFC 10-311] analyzing module ALU
INFO: [VRFC 10-2263] Analyzing Verilog file "C:/Users/mayamakram/Desktop/Arch_Lab/ProjectM3/PP_CPU.srcs/sources_1/new/imports/src/ALU_CU.v" into library xil_defaultlib
INFO: [VRFC 10-311] analyzing module ALU_CU
INFO: [VRFC 10-2263] Analyzing Verilog file "C:/Users/mayamakram/Desktop/Arch_Lab/ProjectM2/SC_CPU.srcs/sources_1/new/BRANCH.v" into library xil_defaultlib
INFO: [VRFC 10-311] analyzing module BRANCH
INFO: [VRFC 10-2263] Analyzing Verilog file "C:/Users/mayamakram/Desktop/Arch_Lab/ProjectM3/PP_CPU.srcs/sources_1/new/imports/src/CU.v" into library xil_defaultlib
INFO: [VRFC 10-311] analyzing module CU
INFO: [VRFC 10-2263] Analyzing Verilog file "C:/Users/mayamakram/Desktop/Arch_Lab/ProjectM3/PP_CPU.srcs/sources_1/new/imports/src/DataMem.v" into library xil_defaultlib
INFO: [VRFC 10-311] analyzing module DataMem
INFO: [VRFC 10-2263] Analyzing Verilog file "C:/Users/mayamakram/Desktop/Arch_Lab/ProjectM3/PP_CPU.srcs/sources_1/new/imports/src/IMMGen.v" into library xil_defaultlib
INFO: [VRFC 10-311] analyzing module IMMGen
INFO: [VRFC 10-2263] Analyzing Verilog file "C:/Users/mayamakram/Desktop/Arch_Lab/ProjectM3/PP_CPU.srcs/sources_1/new/imports/src/InstMem.v" into library xil_defaultlib
INFO: [VRFC 10-311] analyzing module InstMem
INFO: [VRFC 10-2263] Analyzing Verilog file "C:/Users/mayamakram/Desktop/Arch_Lab/ProjectM3/PP_CPU.srcs/sources_1/new/imports/src/MUX.v" into library xil_defaultlib
INFO: [VRFC 10-311] analyzing module MUX
INFO: [VRFC 10-2263] Analyzing Verilog file "C:/Users/mayamakram/Desktop/Arch_Lab/ProjectM2/SC_CPU.srcs/sources_1/new/MUX_fourXone.v" into library xil_defaultlib
INFO: [VRFC 10-311] analyzing module MUXfourXone
INFO: [VRFC 10-2263] Analyzing Verilog file "C:/Users/mayamakram/Desktop/Arch_Lab/ProjectM3/PP_CPU.srcs/sources_1/new/imports/src/N-bitRCA.v" into library xil_defaultlib
INFO: [VRFC 10-311] analyzing module NbitRCA
INFO: [VRFC 10-2263] Analyzing Verilog file "C:/Users/mayamakram/Desktop/Arch_Lab/ProjectM3/PP_CPU.srcs/sources_1/new/PP_CPU.v" into library xil_defaultlib
INFO: [VRFC 10-311] analyzing module PP_CPU
WARNING: [VRFC 10-2938] 'PC' is already implicitly declared on line 34 [C:/Users/mayamakram/Desktop/Arch_Lab/ProjectM3/PP_CPU.srcs/sources_1/new/PP_CPU.v:81]
WARNING: [VRFC 10-2938] 'inst_word' is already implicitly declared on line 34 [C:/Users/mayamakram/Desktop/Arch_Lab/ProjectM3/PP_CPU.srcs/sources_1/new/PP_CPU.v:83]
WARNING: [VRFC 10-2938] 'PC_plus_4' is already implicitly declared on line 86 [C:/Users/mayamakram/Desktop/Arch_Lab/ProjectM3/PP_CPU.srcs/sources_1/new/PP_CPU.v:98]
WARNING: [VRFC 10-2938] 'nextPC' is already implicitly declared on line 86 [C:/Users/mayamakram/Desktop/Arch_Lab/ProjectM3/PP_CPU.srcs/sources_1/new/PP_CPU.v:99]
WARNING: [VRFC 10-2938] 'dataRead1' is already implicitly declared on line 48 [C:/Users/mayamakram/Desktop/Arch_Lab/ProjectM3/PP_CPU.srcs/sources_1/new/PP_CPU.v:119]
WARNING: [VRFC 10-2938] 'dataRead2' is already implicitly declared on line 48 [C:/Users/mayamakram/Desktop/Arch_Lab/ProjectM3/PP_CPU.srcs/sources_1/new/PP_CPU.v:120]
WARNING: [VRFC 10-2938] 'imm' is already implicitly declared on line 48 [C:/Users/mayamakram/Desktop/Arch_Lab/ProjectM3/PP_CPU.srcs/sources_1/new/PP_CPU.v:127]
WARNING: [VRFC 10-2938] 'target_add' is already implicitly declared on line 64 [C:/Users/mayamakram/Desktop/Arch_Lab/ProjectM3/PP_CPU.srcs/sources_1/new/PP_CPU.v:133]
WARNING: [VRFC 10-2938] 'cf' is already implicitly declared on line 64 [C:/Users/mayamakram/Desktop/Arch_Lab/ProjectM3/PP_CPU.srcs/sources_1/new/PP_CPU.v:143]
WARNING: [VRFC 10-2938] 'ALU_out' is already implicitly declared on line 65 [C:/Users/mayamakram/Desktop/Arch_Lab/ProjectM3/PP_CPU.srcs/sources_1/new/PP_CPU.v:145]
WARNING: [VRFC 10-2938] 'ALUsel' is already implicitly declared on line 147 [C:/Users/mayamakram/Desktop/Arch_Lab/ProjectM3/PP_CPU.srcs/sources_1/new/PP_CPU.v:151]
WARNING: [VRFC 10-2938] 'MemDataRead' is already implicitly declared on line 74 [C:/Users/mayamakram/Desktop/Arch_Lab/ProjectM3/PP_CPU.srcs/sources_1/new/PP_CPU.v:165]
WARNING: [VRFC 10-2938] 'And_out' is already implicitly declared on line 86 [C:/Users/mayamakram/Desktop/Arch_Lab/ProjectM3/PP_CPU.srcs/sources_1/new/PP_CPU.v:178]
INFO: [VRFC 10-2263] Analyzing Verilog file "C:/Users/mayamakram/Desktop/Arch_Lab/ProjectM3/PP_CPU.srcs/sources_1/new/imports/src/RegFile.v" into library xil_defaultlib
INFO: [VRFC 10-311] analyzing module RegFile
INFO: [VRFC 10-2263] Analyzing Verilog file "C:/Users/mayamakram/Desktop/Arch_Lab/ProjectM3/PP_CPU.srcs/sources_1/new/imports/src/full_adder.v" into library xil_defaultlib
INFO: [VRFC 10-311] analyzing module full_adder
INFO: [VRFC 10-2263] Analyzing Verilog file "C:/Users/mayamakram/Desktop/Arch_Lab/ProjectM3/PP_CPU.srcs/sources_1/new/imports/src/n_bit_reg_load_reset.v" into library xil_defaultlib
INFO: [VRFC 10-311] analyzing module n_bit_reg_load_reset
INFO: [VRFC 10-2263] Analyzing Verilog file "C:/Users/mayamakram/Desktop/Arch_Lab/ProjectM3/PP_CPU.srcs/sources_1/new/imports/src/shifter.v" into library xil_defaultlib
INFO: [VRFC 10-311] analyzing module shifter
INFO: [VRFC 10-2263] Analyzing Verilog file "C:/Users/mayamakram/Desktop/Arch_Lab/ProjectM3/PP_CPU.srcs/sim_1/new/PP_CPU_tb.v" into library xil_defaultlib
INFO: [VRFC 10-311] analyzing module PP_CPU_tb
INFO: [USF-XSim-69] 'compile' step finished in '3' seconds
Command: launch_simulation -step elaborate -simset sim_1 -mode behavioral
INFO: [Vivado 12-12493] Simulation top is 'PP_CPU_tb'
WARNING: [Vivado 12-13340] Unable to auto find GCC executables from simulator install path! (path not set)
WARNING: [Vivado 12-13277] Compiled library path does not exist: ''
INFO: [Vivado 12-5682] Launching behavioral simulation in 'C:/Users/mayamakram/Desktop/Arch_Lab/ProjectM3/PP_CPU.sim/sim_1/behav/xsim'
INFO: [SIM-utils-51] Simulation object is 'sim_1'
INFO: [USF-XSim-3] XSim::Elaborate design
INFO: [USF-XSim-61] Executing 'ELABORATE' step in 'C:/Users/mayamakram/Desktop/Arch_Lab/ProjectM3/PP_CPU.sim/sim_1/behav/xsim'
"xelab --incr --debug typical --relax --mt 2 -L xil_defaultlib -L unisims_ver -L unimacro_ver -L secureip --snapshot PP_CPU_tb_behav xil_defaultlib.PP_CPU_tb xil_defaultlib.glbl -log elaborate.log"
Vivado Simulator v2022.1
Copyright 1986-1999, 2001-2022 Xilinx, Inc. All Rights Reserved.
Running: C:/Xilinx/Vivado/2022.1/bin/unwrapped/win64.o/xelab.exe --incr --debug typical --relax --mt 2 -L xil_defaultlib -L unisims_ver -L unimacro_ver -L secureip --snapshot PP_CPU_tb_behav xil_defaultlib.PP_CPU_tb xil_defaultlib.glbl -log elaborate.log 
Using 2 slave threads.
Starting static elaboration
Pass Through NonSizing Optimizer
WARNING: [VRFC 10-3091] actual bit length 159 differs from formal bit length 200 for port 'data' [C:/Users/mayamakram/Desktop/Arch_Lab/ProjectM3/PP_CPU.srcs/sources_1/new/PP_CPU.v:48]
WARNING: [VRFC 10-3091] actual bit length 160 differs from formal bit length 200 for port 'Q' [C:/Users/mayamakram/Desktop/Arch_Lab/ProjectM3/PP_CPU.srcs/sources_1/new/PP_CPU.v:50]
WARNING: [VRFC 10-3091] actual bit length 117 differs from formal bit length 200 for port 'data' [C:/Users/mayamakram/Desktop/Arch_Lab/ProjectM3/PP_CPU.srcs/sources_1/new/PP_CPU.v:64]
WARNING: [VRFC 10-3091] actual bit length 117 differs from formal bit length 200 for port 'Q' [C:/Users/mayamakram/Desktop/Arch_Lab/ProjectM3/PP_CPU.srcs/sources_1/new/PP_CPU.v:66]
WARNING: [VRFC 10-3091] actual bit length 73 differs from formal bit length 71 for port 'data' [C:/Users/mayamakram/Desktop/Arch_Lab/ProjectM3/PP_CPU.srcs/sources_1/new/PP_CPU.v:74]
WARNING: [VRFC 10-3091] actual bit length 73 differs from formal bit length 71 for port 'Q' [C:/Users/mayamakram/Desktop/Arch_Lab/ProjectM3/PP_CPU.srcs/sources_1/new/PP_CPU.v:75]
WARNING: [VRFC 10-3705] select index 30 into 'ID_EX_Func' is out of bounds [C:/Users/mayamakram/Desktop/Arch_Lab/ProjectM3/PP_CPU.srcs/sources_1/new/PP_CPU.v:152]
Completed static elaboration
Starting simulation data flow analysis
Completed simulation data flow analysis
Time Resolution for simulation is 1ps
Compiling module xil_defaultlib.n_bit_reg_load_reset(N=64)
Compiling module xil_defaultlib.n_bit_reg_load_reset(N=200)
Compiling module xil_defaultlib.n_bit_reg_load_reset(N=71)
Compiling module xil_defaultlib.MUXfourXone
Compiling module xil_defaultlib.n_bit_reg_load_reset(N=32)
Compiling module xil_defaultlib.InstMem
Compiling module xil_defaultlib.full_adder
Compiling module xil_defaultlib.NbitRCA_default
Compiling module xil_defaultlib.CU
Compiling module xil_defaultlib.RegFile
Compiling module xil_defaultlib.IMMGen
Compiling module xil_defaultlib.MUX(N=32)
Compiling module xil_defaultlib.shifter
Compiling module xil_defaultlib.ALU
Compiling module xil_defaultlib.ALU_CU
Compiling module xil_defaultlib.DataMem
Compiling module xil_defaultlib.BRANCH
Compiling module xil_defaultlib.PP_CPU
Compiling module xil_defaultlib.PP_CPU_tb
Compiling module xil_defaultlib.glbl
Built simulation snapshot PP_CPU_tb_behav
INFO: [USF-XSim-69] 'elaborate' step finished in '3' seconds
Time resolution is 1 ps
Immediate:         32
Immediate:         32
Immediate:         32
relaunch_sim: Time (s): cpu = 00:00:01 ; elapsed = 00:00:08 . Memory (MB): peak = 1222.203 ; gain = 0.000
